<?xml version="1.0" encoding="UTF-8"?>
<testng-results ignored="0" total="1" passed="1" failed="0" skipped="0">
  <reporter-output>
  </reporter-output>
  <suite started-at="2020-10-10T16:47:04 EDT" name="Regression" finished-at="2020-10-10T16:47:54 EDT" duration-ms="50579">
    <groups>
      <group name="cucumber">
        <method signature="AbstractTestNGCucumberTests.feature(cucumber.api.testng.CucumberFeatureWrapper)[pri:0, instance:com.test.testRunner.TestRunner@475e586c]" name="feature" class="cucumber.api.testng.AbstractTestNGCucumberTests"/>
      </group> <!-- cucumber -->
    </groups>
    <test started-at="2020-10-10T16:47:04 EDT" name="Test" finished-at="2020-10-10T16:47:54 EDT" duration-ms="50579">
      <class name="com.test.testRunner.TestRunner">
        <test-method is-config="true" signature="Setup()[pri:0, instance:com.test.testRunner.TestRunner@475e586c]" started-at="2020-10-10T16:47:04 EDT" name="Setup" finished-at="2020-10-10T16:47:12 EDT" duration-ms="7862" status="PASS">
          <reporter-output>
          </reporter-output>
        </test-method> <!-- Setup -->
        <test-method is-config="true" signature="setUpClass()[pri:0, instance:com.test.testRunner.TestRunner@475e586c]" started-at="2020-10-10T16:47:12 EDT" name="setUpClass" finished-at="2020-10-10T16:47:12 EDT" duration-ms="785" status="PASS">
          <reporter-output>
          </reporter-output>
        </test-method> <!-- setUpClass -->
        <test-method signature="feature(cucumber.api.testng.CucumberFeatureWrapper)[pri:0, instance:com.test.testRunner.TestRunner@475e586c]" started-at="2020-10-10T16:47:13 EDT" name="feature" description="Runs Cucumber Feature" data-provider="features" finished-at="2020-10-10T16:47:53 EDT" duration-ms="40197" status="PASS">
          <params>
            <param index="0">
              <value>
                <![CDATA[HomePage]]>
              </value>
            </param>
          </params>
          <reporter-output>
          </reporter-output>
        </test-method> <!-- feature -->
        <test-method is-config="true" signature="tearDownClass()[pri:0, instance:com.test.testRunner.TestRunner@475e586c]" started-at="2020-10-10T16:47:53 EDT" name="tearDownClass" finished-at="2020-10-10T16:47:53 EDT" duration-ms="37" status="PASS">
          <reporter-output>
          </reporter-output>
        </test-method> <!-- tearDownClass -->
        <test-method is-config="true" signature="TearDown()[pri:0, instance:com.test.testRunner.TestRunner@475e586c]" started-at="2020-10-10T16:47:53 EDT" name="TearDown" finished-at="2020-10-10T16:47:54 EDT" duration-ms="1404" status="PASS">
          <reporter-output>
          </reporter-output>
        </test-method> <!-- TearDown -->
      </class> <!-- com.test.testRunner.TestRunner -->
    </test> <!-- Test -->
  </suite> <!-- Regression -->
</testng-results>
